<?xml version="1.0" encoding="UTF-8" ?>
<testsuite tests="41" failures="0" name="cz.muni.pv168.dragonrental.backend.PersonManagerImplTest" time="1.12" errors="0" skipped="0">
  <properties>
    <property name="java.runtime.name" value="Java(TM) SE Runtime Environment"/>
    <property name="sun.boot.library.path" value="C:\Program Files\Java\jdk1.8.0_121\jre\bin"/>
    <property name="java.vm.version" value="25.121-b13"/>
    <property name="java.vm.vendor" value="Oracle Corporation"/>
    <property name="java.vendor.url" value="http://java.oracle.com/"/>
    <property name="path.separator" value=";"/>
    <property name="guice.disable.misplaced.annotation.check" value="true"/>
    <property name="java.vm.name" value="Java HotSpot(TM) 64-Bit Server VM"/>
    <property name="file.encoding.pkg" value="sun.io"/>
    <property name="user.script" value=""/>
    <property name="user.country" value="CZ"/>
    <property name="sun.java.launcher" value="SUN_STANDARD"/>
    <property name="sun.os.patch.level" value=""/>
    <property name="java.vm.specification.name" value="Java Virtual Machine Specification"/>
    <property name="user.dir" value="C:\Users\JustMe\Documents\NetBeansProjects\PV168-App"/>
    <property name="java.runtime.version" value="1.8.0_121-b13"/>
    <property name="java.awt.graphicsenv" value="sun.awt.Win32GraphicsEnvironment"/>
    <property name="java.endorsed.dirs" value="C:\Program Files\Java\jdk1.8.0_121\jre\lib\endorsed"/>
    <property name="os.arch" value="amd64"/>
    <property name="java.io.tmpdir" value="C:\Users\JustMe\AppData\Local\Temp\"/>
    <property name="line.separator" value="
"/>
    <property name="java.vm.specification.vendor" value="Oracle Corporation"/>
    <property name="user.variant" value=""/>
    <property name="os.name" value="Windows 10"/>
    <property name="maven.ext.class.path" value="C:\Program Files\NetBeans 8.2\java\maven-nblib\netbeans-eventspy.jar"/>
    <property name="classworlds.conf" value="C:\Program Files\NetBeans 8.2\java\maven\bin\m2.conf"/>
    <property name="sun.jnu.encoding" value="Cp1250"/>
    <property name="java.library.path" value="C:\Program Files\Java\jdk1.8.0_121\bin;C:\Windows\Sun\Java\bin;C:\Windows\system32;C:\Windows;C:\ProgramData\Oracle\Java\javapath;C:\Program Files (x86)\Intel\iCLS Client\;C:\Program Files\Intel\iCLS Client\;C:\Windows\system32;C:\Windows;C:\Windows\System32\Wbem;C:\Windows\System32\WindowsPowerShell\v1.0\;C:\Program Files (x86)\Skype\Phone\;C:\Program Files (x86)\NVIDIA Corporation\PhysX\Common;C:\Program Files (x86)\Intel\Intel(R) Management Engine Components\DAL;C:\Program Files\Intel\Intel(R) Management Engine Components\DAL;C:\Program Files (x86)\Intel\Intel(R) Management Engine Components\IPT;C:\Program Files\Intel\Intel(R) Management Engine Components\IPT;C:\Program Files\Intel\WiFi\bin\;C:\Program Files\Common Files\Intel\WirelessCommon\;C:\Users\JustMe\AppData\Local\Microsoft\WindowsApps;C:\Program Files\Intel\WiFi\bin\;C:\Program Files\Common Files\Intel\WirelessCommon\;."/>
    <property name="java.specification.name" value="Java Platform API Specification"/>
    <property name="java.class.version" value="52.0"/>
    <property name="sun.management.compiler" value="HotSpot 64-Bit Tiered Compilers"/>
    <property name="os.version" value="10.0"/>
    <property name="user.home" value="C:\Users\JustMe"/>
    <property name="user.timezone" value="Europe/Prague"/>
    <property name="java.awt.printerjob" value="sun.awt.windows.WPrinterJob"/>
    <property name="java.specification.version" value="1.8"/>
    <property name="file.encoding" value="Cp1250"/>
    <property name="user.name" value="JustMe"/>
    <property name="java.class.path" value="C:\Program Files\NetBeans 8.2\java\maven\boot\plexus-classworlds-2.4.jar"/>
    <property name="java.vm.specification.version" value="1.8"/>
    <property name="sun.arch.data.model" value="64"/>
    <property name="java.home" value="C:\Program Files\Java\jdk1.8.0_121\jre"/>
    <property name="sun.java.command" value="org.codehaus.plexus.classworlds.launcher.Launcher -Dmaven.ext.class.path=C:\Program Files\NetBeans 8.2\java\maven-nblib\netbeans-eventspy.jar clean install"/>
    <property name="java.specification.vendor" value="Oracle Corporation"/>
    <property name="user.language" value="cs"/>
    <property name="awt.toolkit" value="sun.awt.windows.WToolkit"/>
    <property name="java.vm.info" value="mixed mode"/>
    <property name="java.version" value="1.8.0_121"/>
    <property name="java.ext.dirs" value="C:\Program Files\Java\jdk1.8.0_121\jre\lib\ext;C:\Windows\Sun\Java\lib\ext"/>
    <property name="sun.boot.class.path" value="C:\Program Files\Java\jdk1.8.0_121\jre\lib\resources.jar;C:\Program Files\Java\jdk1.8.0_121\jre\lib\rt.jar;C:\Program Files\Java\jdk1.8.0_121\jre\lib\sunrsasign.jar;C:\Program Files\Java\jdk1.8.0_121\jre\lib\jsse.jar;C:\Program Files\Java\jdk1.8.0_121\jre\lib\jce.jar;C:\Program Files\Java\jdk1.8.0_121\jre\lib\charsets.jar;C:\Program Files\Java\jdk1.8.0_121\jre\lib\jfr.jar;C:\Program Files\Java\jdk1.8.0_121\jre\classes"/>
    <property name="java.vendor" value="Oracle Corporation"/>
    <property name="maven.home" value="C:\Program Files\NetBeans 8.2\java\maven"/>
    <property name="file.separator" value="\"/>
    <property name="java.vendor.url.bug" value="http://bugreport.sun.com/bugreport/"/>
    <property name="sun.cpu.endian" value="little"/>
    <property name="sun.io.unicode.encoding" value="UnicodeLittle"/>
    <property name="sun.desktop" value="windows"/>
    <property name="sun.cpu.isalist" value="amd64"/>
  </properties>
  <testcase classname="cz.muni.pv168.dragonrental.backend.PersonManagerImplTest" name="testAddPersonWithEmptyName" time="0.087"/>
  <testcase classname="cz.muni.pv168.dragonrental.backend.PersonManagerImplTest" name="testUpdatePersonHappyScenario" time="0.048"/>
  <testcase classname="cz.muni.pv168.dragonrental.backend.PersonManagerImplTest" name="testDeletePersonNull" time="0.018"/>
  <testcase classname="cz.muni.pv168.dragonrental.backend.PersonManagerImplTest" name="testAddPersonNull" time="0.016"/>
  <testcase classname="cz.muni.pv168.dragonrental.backend.PersonManagerImplTest" name="testUpdatePersonNull" time="0.023"/>
  <testcase classname="cz.muni.pv168.dragonrental.backend.PersonManagerImplTest" name="testFindPeopleNullAttributes" time="0.034"/>
  <testcase classname="cz.muni.pv168.dragonrental.backend.PersonManagerImplTest" name="testFindPeopleWitIdJohnny" time="0.04"/>
  <testcase classname="cz.muni.pv168.dragonrental.backend.PersonManagerImplTest" name="testAddPersonWithExistingEmailInDB" time="0.024"/>
  <testcase classname="cz.muni.pv168.dragonrental.backend.PersonManagerImplTest" name="testUpdatePersonWithEmptyName" time="0.022"/>
  <testcase classname="cz.muni.pv168.dragonrental.backend.PersonManagerImplTest" name="testUpdatePersonWithNullName" time="0.028"/>
  <testcase classname="cz.muni.pv168.dragonrental.backend.PersonManagerImplTest" name="testFindPeopleMultipleBySurname" time="0.035"/>
  <testcase classname="cz.muni.pv168.dragonrental.backend.PersonManagerImplTest" name="testFindPeopleWithNonExistingSurname" time="0.028"/>
  <testcase classname="cz.muni.pv168.dragonrental.backend.PersonManagerImplTest" name="testFindPeopleNull" time="0.022"/>
  <testcase classname="cz.muni.pv168.dragonrental.backend.PersonManagerImplTest" name="testFindPeopleWithSurnameJohnny" time="0.031"/>
  <testcase classname="cz.muni.pv168.dragonrental.backend.PersonManagerImplTest" name="testAddPersonWithNullSurname" time="0.021"/>
  <testcase classname="cz.muni.pv168.dragonrental.backend.PersonManagerImplTest" name="testUpdatePersonWithNullSurname" time="0.024"/>
  <testcase classname="cz.muni.pv168.dragonrental.backend.PersonManagerImplTest" name="testFindPeopleWithEmailJohnny" time="0.027"/>
  <testcase classname="cz.muni.pv168.dragonrental.backend.PersonManagerImplTest" name="testUpdatePersonWithAlreadyExistingEmail" time="0.031"/>
  <testcase classname="cz.muni.pv168.dragonrental.backend.PersonManagerImplTest" name="testListAllPeopleHappyScenario" time="0.031"/>
  <testcase classname="cz.muni.pv168.dragonrental.backend.PersonManagerImplTest" name="testFindPeopleWithNameJohnny" time="0.044"/>
  <testcase classname="cz.muni.pv168.dragonrental.backend.PersonManagerImplTest" name="testDeletePersonNonExtingPerson" time="0.017"/>
  <testcase classname="cz.muni.pv168.dragonrental.backend.PersonManagerImplTest" name="testFindPeopleWithNonExistingMail" time="0.03"/>
  <testcase classname="cz.muni.pv168.dragonrental.backend.PersonManagerImplTest" name="testFindPeopleWithNonExistingName" time="0.029"/>
  <testcase classname="cz.muni.pv168.dragonrental.backend.PersonManagerImplTest" name="testFindPeopleHappyScenario" time="0.02"/>
  <testcase classname="cz.muni.pv168.dragonrental.backend.PersonManagerImplTest" name="testUpdatePersonWithEmptySurname" time="0.032"/>
  <testcase classname="cz.muni.pv168.dragonrental.backend.PersonManagerImplTest" name="testAddPersonWithEmptyEmail" time="0.015"/>
  <testcase classname="cz.muni.pv168.dragonrental.backend.PersonManagerImplTest" name="testFindPeopleMultipleByName" time="0.037"/>
  <testcase classname="cz.muni.pv168.dragonrental.backend.PersonManagerImplTest" name="testAddPersonWithEmptySurname" time="0.017"/>
  <testcase classname="cz.muni.pv168.dragonrental.backend.PersonManagerImplTest" name="testAddPersonWithNullEmail" time="0.015"/>
  <testcase classname="cz.muni.pv168.dragonrental.backend.PersonManagerImplTest" name="testAddPersonWithSqlExceptionThrown" time="0.016"/>
  <testcase classname="cz.muni.pv168.dragonrental.backend.PersonManagerImplTest" name="testUpdatePersonWithEmptyEmail" time="0.031"/>
  <testcase classname="cz.muni.pv168.dragonrental.backend.PersonManagerImplTest" name="testListAllPeopleWithSqlExceptionThrown" time="0.018"/>
  <testcase classname="cz.muni.pv168.dragonrental.backend.PersonManagerImplTest" name="testUpdatePersonWithNullEmail" time="0.004"/>
  <testcase classname="cz.muni.pv168.dragonrental.backend.PersonManagerImplTest" name="testUpdatePersonWithSqlExceptionThrown" time="0.032"/>
  <testcase classname="cz.muni.pv168.dragonrental.backend.PersonManagerImplTest" name="testAddPersonWithNullName" time="0.015"/>
  <testcase classname="cz.muni.pv168.dragonrental.backend.PersonManagerImplTest" name="testDeletePersonHappyScenario" time="0.031"/>
  <testcase classname="cz.muni.pv168.dragonrental.backend.PersonManagerImplTest" name="testDeletePersonWithSqlExceptionThrown" time="0.023"/>
  <testcase classname="cz.muni.pv168.dragonrental.backend.PersonManagerImplTest" name="testFindPeopleWithNonExistingID" time="0.031"/>
  <testcase classname="cz.muni.pv168.dragonrental.backend.PersonManagerImplTest" name="testAddPersonHappyScenario" time="0.031"/>
  <testcase classname="cz.muni.pv168.dragonrental.backend.PersonManagerImplTest" name="testAddPersonWithAlreadySetID" time="0.016"/>
  <testcase classname="cz.muni.pv168.dragonrental.backend.PersonManagerImplTest" name="testFindPersonWithSqlExceptionThrown" time="0.022"/>
</testsuite>