<?xml version="1.0" encoding="UTF-8" ?>
<testsuite tests="42" failures="0" name="cz.muni.pv168.dragonrental.backend.ReservationManagerImplTest" time="1.662" errors="0" skipped="0">
  <properties>
    <property name="java.runtime.name" value="Java(TM) SE Runtime Environment"/>
    <property name="sun.boot.library.path" value="C:\Program Files\Java\jdk1.8.0_121\jre\bin"/>
    <property name="java.vm.version" value="25.121-b13"/>
    <property name="java.vm.vendor" value="Oracle Corporation"/>
    <property name="java.vendor.url" value="http://java.oracle.com/"/>
    <property name="path.separator" value=";"/>
    <property name="guice.disable.misplaced.annotation.check" value="true"/>
    <property name="java.vm.name" value="Java HotSpot(TM) 64-Bit Server VM"/>
    <property name="file.encoding.pkg" value="sun.io"/>
    <property name="user.script" value=""/>
    <property name="user.country" value="CZ"/>
    <property name="sun.java.launcher" value="SUN_STANDARD"/>
    <property name="sun.os.patch.level" value=""/>
    <property name="java.vm.specification.name" value="Java Virtual Machine Specification"/>
    <property name="user.dir" value="C:\Users\JustMe\Documents\NetBeansProjects\PV168-App"/>
    <property name="java.runtime.version" value="1.8.0_121-b13"/>
    <property name="java.awt.graphicsenv" value="sun.awt.Win32GraphicsEnvironment"/>
    <property name="java.endorsed.dirs" value="C:\Program Files\Java\jdk1.8.0_121\jre\lib\endorsed"/>
    <property name="os.arch" value="amd64"/>
    <property name="java.io.tmpdir" value="C:\Users\JustMe\AppData\Local\Temp\"/>
    <property name="line.separator" value="
"/>
    <property name="java.vm.specification.vendor" value="Oracle Corporation"/>
    <property name="user.variant" value=""/>
    <property name="os.name" value="Windows 10"/>
    <property name="maven.ext.class.path" value="C:\Program Files\NetBeans 8.2\java\maven-nblib\netbeans-eventspy.jar"/>
    <property name="classworlds.conf" value="C:\Program Files\NetBeans 8.2\java\maven\bin\m2.conf"/>
    <property name="sun.jnu.encoding" value="Cp1250"/>
    <property name="java.library.path" value="C:\Program Files\Java\jdk1.8.0_121\bin;C:\Windows\Sun\Java\bin;C:\Windows\system32;C:\Windows;C:\ProgramData\Oracle\Java\javapath;C:\Program Files (x86)\Intel\iCLS Client\;C:\Program Files\Intel\iCLS Client\;C:\Windows\system32;C:\Windows;C:\Windows\System32\Wbem;C:\Windows\System32\WindowsPowerShell\v1.0\;C:\Program Files (x86)\Skype\Phone\;C:\Program Files (x86)\NVIDIA Corporation\PhysX\Common;C:\Program Files (x86)\Intel\Intel(R) Management Engine Components\DAL;C:\Program Files\Intel\Intel(R) Management Engine Components\DAL;C:\Program Files (x86)\Intel\Intel(R) Management Engine Components\IPT;C:\Program Files\Intel\Intel(R) Management Engine Components\IPT;C:\Program Files\Intel\WiFi\bin\;C:\Program Files\Common Files\Intel\WirelessCommon\;C:\Users\JustMe\AppData\Local\Microsoft\WindowsApps;C:\Program Files\Intel\WiFi\bin\;C:\Program Files\Common Files\Intel\WirelessCommon\;."/>
    <property name="java.specification.name" value="Java Platform API Specification"/>
    <property name="java.class.version" value="52.0"/>
    <property name="sun.management.compiler" value="HotSpot 64-Bit Tiered Compilers"/>
    <property name="os.version" value="10.0"/>
    <property name="user.home" value="C:\Users\JustMe"/>
    <property name="user.timezone" value="Europe/Prague"/>
    <property name="java.awt.printerjob" value="sun.awt.windows.WPrinterJob"/>
    <property name="java.specification.version" value="1.8"/>
    <property name="file.encoding" value="Cp1250"/>
    <property name="user.name" value="JustMe"/>
    <property name="java.class.path" value="C:\Program Files\NetBeans 8.2\java\maven\boot\plexus-classworlds-2.4.jar"/>
    <property name="java.vm.specification.version" value="1.8"/>
    <property name="sun.arch.data.model" value="64"/>
    <property name="java.home" value="C:\Program Files\Java\jdk1.8.0_121\jre"/>
    <property name="sun.java.command" value="org.codehaus.plexus.classworlds.launcher.Launcher -Dmaven.ext.class.path=C:\Program Files\NetBeans 8.2\java\maven-nblib\netbeans-eventspy.jar clean install"/>
    <property name="java.specification.vendor" value="Oracle Corporation"/>
    <property name="user.language" value="cs"/>
    <property name="awt.toolkit" value="sun.awt.windows.WToolkit"/>
    <property name="java.vm.info" value="mixed mode"/>
    <property name="java.version" value="1.8.0_121"/>
    <property name="java.ext.dirs" value="C:\Program Files\Java\jdk1.8.0_121\jre\lib\ext;C:\Windows\Sun\Java\lib\ext"/>
    <property name="sun.boot.class.path" value="C:\Program Files\Java\jdk1.8.0_121\jre\lib\resources.jar;C:\Program Files\Java\jdk1.8.0_121\jre\lib\rt.jar;C:\Program Files\Java\jdk1.8.0_121\jre\lib\sunrsasign.jar;C:\Program Files\Java\jdk1.8.0_121\jre\lib\jsse.jar;C:\Program Files\Java\jdk1.8.0_121\jre\lib\jce.jar;C:\Program Files\Java\jdk1.8.0_121\jre\lib\charsets.jar;C:\Program Files\Java\jdk1.8.0_121\jre\lib\jfr.jar;C:\Program Files\Java\jdk1.8.0_121\jre\classes"/>
    <property name="java.vendor" value="Oracle Corporation"/>
    <property name="maven.home" value="C:\Program Files\NetBeans 8.2\java\maven"/>
    <property name="file.separator" value="\"/>
    <property name="java.vendor.url.bug" value="http://bugreport.sun.com/bugreport/"/>
    <property name="sun.cpu.endian" value="little"/>
    <property name="sun.io.unicode.encoding" value="UnicodeLittle"/>
    <property name="sun.desktop" value="windows"/>
    <property name="sun.cpu.isalist" value="amd64"/>
  </properties>
  <testcase classname="cz.muni.pv168.dragonrental.backend.ReservationManagerImplTest" name="testRemoveNullReservation" time="0.084"/>
  <testcase classname="cz.muni.pv168.dragonrental.backend.ReservationManagerImplTest" name="testCreateValidReservationWithNullTimeTo" time="0.047"/>
  <testcase classname="cz.muni.pv168.dragonrental.backend.ReservationManagerImplTest" name="testFindReservationForId" time="0.053"/>
  <testcase classname="cz.muni.pv168.dragonrental.backend.ReservationManagerImplTest" name="testListNoReservations" time="0.031"/>
  <testcase classname="cz.muni.pv168.dragonrental.backend.ReservationManagerImplTest" name="testRemoveReservationLast" time="0.047"/>
  <testcase classname="cz.muni.pv168.dragonrental.backend.ReservationManagerImplTest" name="testFindReservationAfterTimeFrom" time="0.054"/>
  <testcase classname="cz.muni.pv168.dragonrental.backend.ReservationManagerImplTest" name="testCreateNullReservation" time="0.015"/>
  <testcase classname="cz.muni.pv168.dragonrental.backend.ReservationManagerImplTest" name="testUpdateReservationWithDragon" time="0.054"/>
  <testcase classname="cz.muni.pv168.dragonrental.backend.ReservationManagerImplTest" name="testListAllReservationsWithSqlExceptionThrown" time="0.031"/>
  <testcase classname="cz.muni.pv168.dragonrental.backend.ReservationManagerImplTest" name="testFindActiveReservations" time="0.047"/>
  <testcase classname="cz.muni.pv168.dragonrental.backend.ReservationManagerImplTest" name="testRemoveNonPresentReservation" time="0.047"/>
  <testcase classname="cz.muni.pv168.dragonrental.backend.ReservationManagerImplTest" name="testRemoveReservationWithSqlExceptionThrown" time="0.031"/>
  <testcase classname="cz.muni.pv168.dragonrental.backend.ReservationManagerImplTest" name="testUpdateReservationWithNullId" time="0.022"/>
  <testcase classname="cz.muni.pv168.dragonrental.backend.ReservationManagerImplTest" name="testCreateReservationWithNoBorrower" time="0.031"/>
  <testcase classname="cz.muni.pv168.dragonrental.backend.ReservationManagerImplTest" name="testCreateValidReservation" time="0.047"/>
  <testcase classname="cz.muni.pv168.dragonrental.backend.ReservationManagerImplTest" name="testFindReservationForDragon" time="0.054"/>
  <testcase classname="cz.muni.pv168.dragonrental.backend.ReservationManagerImplTest" name="testUpdateReservationWithPerson" time="0.047"/>
  <testcase classname="cz.muni.pv168.dragonrental.backend.ReservationManagerImplTest" name="testCreateReservationWithNoTimeFrom" time="0.022"/>
  <testcase classname="cz.muni.pv168.dragonrental.backend.ReservationManagerImplTest" name="testUpdateReservation" time="0.047"/>
  <testcase classname="cz.muni.pv168.dragonrental.backend.ReservationManagerImplTest" name="testFindUnpaidReservations" time="0.049"/>
  <testcase classname="cz.muni.pv168.dragonrental.backend.ReservationManagerImplTest" name="testFindReservationWithSqlExceptionThrown" time="0.02"/>
  <testcase classname="cz.muni.pv168.dragonrental.backend.ReservationManagerImplTest" name="testFindReservationForPerson" time="0.031"/>
  <testcase classname="cz.muni.pv168.dragonrental.backend.ReservationManagerImplTest" name="testFindReservationInATimeInterval" time="0.048"/>
  <testcase classname="cz.muni.pv168.dragonrental.backend.ReservationManagerImplTest" name="testListAllReservations" time="0.021"/>
  <testcase classname="cz.muni.pv168.dragonrental.backend.ReservationManagerImplTest" name="testCreateReservationWithNegativePricePerHour" time="0.031"/>
  <testcase classname="cz.muni.pv168.dragonrental.backend.ReservationManagerImplTest" name="testCreateReservationWithNoDragon" time="0.031"/>
  <testcase classname="cz.muni.pv168.dragonrental.backend.ReservationManagerImplTest" name="testGetNonExistingReservation" time="0.122"/>
  <testcase classname="cz.muni.pv168.dragonrental.backend.ReservationManagerImplTest" name="testUpdateNullReservation" time="0.016"/>
  <testcase classname="cz.muni.pv168.dragonrental.backend.ReservationManagerImplTest" name="testRemoveReservationWithNullId" time="0.031"/>
  <testcase classname="cz.muni.pv168.dragonrental.backend.ReservationManagerImplTest" name="testCreateReservationWithExistingId" time="0.031"/>
  <testcase classname="cz.muni.pv168.dragonrental.backend.ReservationManagerImplTest" name="testCreateReservationWithNoPricePerHour" time="0.034"/>
  <testcase classname="cz.muni.pv168.dragonrental.backend.ReservationManagerImplTest" name="testCreateReservationWithSqlExceptionThrown" time="0.023"/>
  <testcase classname="cz.muni.pv168.dragonrental.backend.ReservationManagerImplTest" name="testGetReservationWithSqlExceptionThrown" time="0.026"/>
  <testcase classname="cz.muni.pv168.dragonrental.backend.ReservationManagerImplTest" name="testGetReservation" time="0.038"/>
  <testcase classname="cz.muni.pv168.dragonrental.backend.ReservationManagerImplTest" name="testUpdateReservationWithTimeFrom" time="0.032"/>
  <testcase classname="cz.muni.pv168.dragonrental.backend.ReservationManagerImplTest" name="testFindReservationWithPricePerHourLargerThan" time="0.036"/>
  <testcase classname="cz.muni.pv168.dragonrental.backend.ReservationManagerImplTest" name="testUpdateReservationWithPricePerHour" time="0.043"/>
  <testcase classname="cz.muni.pv168.dragonrental.backend.ReservationManagerImplTest" name="testUpdateReservationWithDifferentTimeTo" time="0.051"/>
  <testcase classname="cz.muni.pv168.dragonrental.backend.ReservationManagerImplTest" name="testFindNullReservation" time="0.006"/>
  <testcase classname="cz.muni.pv168.dragonrental.backend.ReservationManagerImplTest" name="testCreateReservationWithNegativeMoneyPaid" time="0.031"/>
  <testcase classname="cz.muni.pv168.dragonrental.backend.ReservationManagerImplTest" name="testUpdateReservationWithSqlExceptionThrown" time="0.016"/>
  <testcase classname="cz.muni.pv168.dragonrental.backend.ReservationManagerImplTest" name="testCreateReservationWithNoMoneyPaid" time="0.031"/>
</testsuite>