<?xml version="1.0" encoding="UTF-8" ?>
<testsuite tests="51" failures="0" name="cz.muni.pv168.dragonrental.backend.DragonManagerImplTest" time="3.161" errors="0" skipped="0">
  <properties>
    <property name="java.runtime.name" value="Java(TM) SE Runtime Environment"/>
    <property name="sun.boot.library.path" value="C:\Program Files\Java\jdk1.8.0_121\jre\bin"/>
    <property name="java.vm.version" value="25.121-b13"/>
    <property name="java.vm.vendor" value="Oracle Corporation"/>
    <property name="java.vendor.url" value="http://java.oracle.com/"/>
    <property name="path.separator" value=";"/>
    <property name="guice.disable.misplaced.annotation.check" value="true"/>
    <property name="java.vm.name" value="Java HotSpot(TM) 64-Bit Server VM"/>
    <property name="file.encoding.pkg" value="sun.io"/>
    <property name="user.script" value=""/>
    <property name="user.country" value="CZ"/>
    <property name="sun.java.launcher" value="SUN_STANDARD"/>
    <property name="sun.os.patch.level" value=""/>
    <property name="java.vm.specification.name" value="Java Virtual Machine Specification"/>
    <property name="user.dir" value="C:\Users\JustMe\Documents\NetBeansProjects\PV168-App"/>
    <property name="java.runtime.version" value="1.8.0_121-b13"/>
    <property name="java.awt.graphicsenv" value="sun.awt.Win32GraphicsEnvironment"/>
    <property name="java.endorsed.dirs" value="C:\Program Files\Java\jdk1.8.0_121\jre\lib\endorsed"/>
    <property name="os.arch" value="amd64"/>
    <property name="java.io.tmpdir" value="C:\Users\JustMe\AppData\Local\Temp\"/>
    <property name="line.separator" value="
"/>
    <property name="java.vm.specification.vendor" value="Oracle Corporation"/>
    <property name="user.variant" value=""/>
    <property name="os.name" value="Windows 10"/>
    <property name="maven.ext.class.path" value="C:\Program Files\NetBeans 8.2\java\maven-nblib\netbeans-eventspy.jar"/>
    <property name="classworlds.conf" value="C:\Program Files\NetBeans 8.2\java\maven\bin\m2.conf"/>
    <property name="sun.jnu.encoding" value="Cp1250"/>
    <property name="java.library.path" value="C:\Program Files\Java\jdk1.8.0_121\bin;C:\Windows\Sun\Java\bin;C:\Windows\system32;C:\Windows;C:\ProgramData\Oracle\Java\javapath;C:\Program Files (x86)\Intel\iCLS Client\;C:\Program Files\Intel\iCLS Client\;C:\Windows\system32;C:\Windows;C:\Windows\System32\Wbem;C:\Windows\System32\WindowsPowerShell\v1.0\;C:\Program Files (x86)\Skype\Phone\;C:\Program Files (x86)\NVIDIA Corporation\PhysX\Common;C:\Program Files (x86)\Intel\Intel(R) Management Engine Components\DAL;C:\Program Files\Intel\Intel(R) Management Engine Components\DAL;C:\Program Files (x86)\Intel\Intel(R) Management Engine Components\IPT;C:\Program Files\Intel\Intel(R) Management Engine Components\IPT;C:\Program Files\Intel\WiFi\bin\;C:\Program Files\Common Files\Intel\WirelessCommon\;C:\Users\JustMe\AppData\Local\Microsoft\WindowsApps;C:\Program Files\Intel\WiFi\bin\;C:\Program Files\Common Files\Intel\WirelessCommon\;."/>
    <property name="java.specification.name" value="Java Platform API Specification"/>
    <property name="java.class.version" value="52.0"/>
    <property name="sun.management.compiler" value="HotSpot 64-Bit Tiered Compilers"/>
    <property name="os.version" value="10.0"/>
    <property name="user.home" value="C:\Users\JustMe"/>
    <property name="user.timezone" value="Europe/Prague"/>
    <property name="java.awt.printerjob" value="sun.awt.windows.WPrinterJob"/>
    <property name="java.specification.version" value="1.8"/>
    <property name="file.encoding" value="Cp1250"/>
    <property name="user.name" value="JustMe"/>
    <property name="java.class.path" value="C:\Program Files\NetBeans 8.2\java\maven\boot\plexus-classworlds-2.4.jar"/>
    <property name="java.vm.specification.version" value="1.8"/>
    <property name="sun.arch.data.model" value="64"/>
    <property name="java.home" value="C:\Program Files\Java\jdk1.8.0_121\jre"/>
    <property name="sun.java.command" value="org.codehaus.plexus.classworlds.launcher.Launcher -Dmaven.ext.class.path=C:\Program Files\NetBeans 8.2\java\maven-nblib\netbeans-eventspy.jar clean install"/>
    <property name="java.specification.vendor" value="Oracle Corporation"/>
    <property name="user.language" value="cs"/>
    <property name="awt.toolkit" value="sun.awt.windows.WToolkit"/>
    <property name="java.vm.info" value="mixed mode"/>
    <property name="java.version" value="1.8.0_121"/>
    <property name="java.ext.dirs" value="C:\Program Files\Java\jdk1.8.0_121\jre\lib\ext;C:\Windows\Sun\Java\lib\ext"/>
    <property name="sun.boot.class.path" value="C:\Program Files\Java\jdk1.8.0_121\jre\lib\resources.jar;C:\Program Files\Java\jdk1.8.0_121\jre\lib\rt.jar;C:\Program Files\Java\jdk1.8.0_121\jre\lib\sunrsasign.jar;C:\Program Files\Java\jdk1.8.0_121\jre\lib\jsse.jar;C:\Program Files\Java\jdk1.8.0_121\jre\lib\jce.jar;C:\Program Files\Java\jdk1.8.0_121\jre\lib\charsets.jar;C:\Program Files\Java\jdk1.8.0_121\jre\lib\jfr.jar;C:\Program Files\Java\jdk1.8.0_121\jre\classes"/>
    <property name="java.vendor" value="Oracle Corporation"/>
    <property name="maven.home" value="C:\Program Files\NetBeans 8.2\java\maven"/>
    <property name="file.separator" value="\"/>
    <property name="java.vendor.url.bug" value="http://bugreport.sun.com/bugreport/"/>
    <property name="sun.cpu.endian" value="little"/>
    <property name="sun.io.unicode.encoding" value="UnicodeLittle"/>
    <property name="sun.desktop" value="windows"/>
    <property name="sun.cpu.isalist" value="amd64"/>
  </properties>
  <testcase classname="cz.muni.pv168.dragonrental.backend.DragonManagerImplTest" name="testUpdateDragonBornToday" time="1.149"/>
  <testcase classname="cz.muni.pv168.dragonrental.backend.DragonManagerImplTest" name="testCreateNullDragon" time="0.016"/>
  <testcase classname="cz.muni.pv168.dragonrental.backend.DragonManagerImplTest" name="testFindDragonsByNameElementSpeed" time="0.085"/>
  <testcase classname="cz.muni.pv168.dragonrental.backend.DragonManagerImplTest" name="testFindDragonsByName" time="0.099"/>
  <testcase classname="cz.muni.pv168.dragonrental.backend.DragonManagerImplTest" name="testGetDragonByNullId" time="0.043"/>
  <testcase classname="cz.muni.pv168.dragonrental.backend.DragonManagerImplTest" name="testGetDragonByIdWithSqlException" time="0.147"/>
  <testcase classname="cz.muni.pv168.dragonrental.backend.DragonManagerImplTest" name="getDragonByInvalidId" time="0.031"/>
  <testcase classname="cz.muni.pv168.dragonrental.backend.DragonManagerImplTest" name="testDeleteNullDragon" time="0.032"/>
  <testcase classname="cz.muni.pv168.dragonrental.backend.DragonManagerImplTest" name="testCreateDragonWithNullElement" time="0.039"/>
  <testcase classname="cz.muni.pv168.dragonrental.backend.DragonManagerImplTest" name="testCreateDragonWithNullName" time="0.027"/>
  <testcase classname="cz.muni.pv168.dragonrental.backend.DragonManagerImplTest" name="testFindDragonsByMaxSpeed" time="0.057"/>
  <testcase classname="cz.muni.pv168.dragonrental.backend.DragonManagerImplTest" name="testCreateDragonWithNegativeSpeed" time="0.023"/>
  <testcase classname="cz.muni.pv168.dragonrental.backend.DragonManagerImplTest" name="testUpdateNullDragon" time="0.029"/>
  <testcase classname="cz.muni.pv168.dragonrental.backend.DragonManagerImplTest" name="testUpdateDragonElement" time="0.044"/>
  <testcase classname="cz.muni.pv168.dragonrental.backend.DragonManagerImplTest" name="testUpdateNonExistingDragon" time="0.04"/>
  <testcase classname="cz.muni.pv168.dragonrental.backend.DragonManagerImplTest" name="testRemoveDragonWithSqlException" time="0.068"/>
  <testcase classname="cz.muni.pv168.dragonrental.backend.DragonManagerImplTest" name="testCreateDragonBornAfterNow" time="0.032"/>
  <testcase classname="cz.muni.pv168.dragonrental.backend.DragonManagerImplTest" name="testFindDragonsByDateOfBirth" time="0.08"/>
  <testcase classname="cz.muni.pv168.dragonrental.backend.DragonManagerImplTest" name="testUpdateDragonWithSqlException" time="0.039"/>
  <testcase classname="cz.muni.pv168.dragonrental.backend.DragonManagerImplTest" name="testFindDragonsById" time="0.061"/>
  <testcase classname="cz.muni.pv168.dragonrental.backend.DragonManagerImplTest" name="testUpdateDragon" time="0.052"/>
  <testcase classname="cz.muni.pv168.dragonrental.backend.DragonManagerImplTest" name="testRemoveDragon" time="0.052"/>
  <testcase classname="cz.muni.pv168.dragonrental.backend.DragonManagerImplTest" name="testCreateDragonWithID" time="0.028"/>
  <testcase classname="cz.muni.pv168.dragonrental.backend.DragonManagerImplTest" name="testFindDragonsByIdElement" time="0.053"/>
  <testcase classname="cz.muni.pv168.dragonrental.backend.DragonManagerImplTest" name="testListAllDragons" time="0.032"/>
  <testcase classname="cz.muni.pv168.dragonrental.backend.DragonManagerImplTest" name="testFindDragonWithNullID" time="0.041"/>
  <testcase classname="cz.muni.pv168.dragonrental.backend.DragonManagerImplTest" name="testUpdateDragonBornTomorrow" time="0.015"/>
  <testcase classname="cz.muni.pv168.dragonrental.backend.DragonManagerImplTest" name="testDeleteDragonWithNullId" time="0.031"/>
  <testcase classname="cz.muni.pv168.dragonrental.backend.DragonManagerImplTest" name="testUpdateDragonDateOfBirth" time="0.032"/>
  <testcase classname="cz.muni.pv168.dragonrental.backend.DragonManagerImplTest" name="testCreateDragonWithNullDateOfBirth" time="0.022"/>
  <testcase classname="cz.muni.pv168.dragonrental.backend.DragonManagerImplTest" name="testCreateDragonWithEmptyName" time="0.031"/>
  <testcase classname="cz.muni.pv168.dragonrental.backend.DragonManagerImplTest" name="testUpdateDragonWithNullId" time="0.016"/>
  <testcase classname="cz.muni.pv168.dragonrental.backend.DragonManagerImplTest" name="testUpdateDragonWithEmptyName" time="0.051"/>
  <testcase classname="cz.muni.pv168.dragonrental.backend.DragonManagerImplTest" name="testDeleteNonExistingDragon" time="0.018"/>
  <testcase classname="cz.muni.pv168.dragonrental.backend.DragonManagerImplTest" name="testFindDragonsByElement" time="0.031"/>
  <testcase classname="cz.muni.pv168.dragonrental.backend.DragonManagerImplTest" name="testListAllDragonsWithSqlException" time="0.031"/>
  <testcase classname="cz.muni.pv168.dragonrental.backend.DragonManagerImplTest" name="testFindAllDragons" time="0.022"/>
  <testcase classname="cz.muni.pv168.dragonrental.backend.DragonManagerImplTest" name="testGetDragonById" time="0.032"/>
  <testcase classname="cz.muni.pv168.dragonrental.backend.DragonManagerImplTest" name="testCreateDragonBornToday" time="0.015"/>
  <testcase classname="cz.muni.pv168.dragonrental.backend.DragonManagerImplTest" name="testUpdateDragonWithNullElement" time="0.032"/>
  <testcase classname="cz.muni.pv168.dragonrental.backend.DragonManagerImplTest" name="testUpdateDragonMaxSpeed" time="0.022"/>
  <testcase classname="cz.muni.pv168.dragonrental.backend.DragonManagerImplTest" name="testUpdateDragonWithNegativeMaxSpeed" time="0.031"/>
  <testcase classname="cz.muni.pv168.dragonrental.backend.DragonManagerImplTest" name="testCreateDragonWithZeroSpeed" time="0.031"/>
  <testcase classname="cz.muni.pv168.dragonrental.backend.DragonManagerImplTest" name="testUpdateDragonWithNullDateOfBirth" time="0.016"/>
  <testcase classname="cz.muni.pv168.dragonrental.backend.DragonManagerImplTest" name="testUpdateDragonWithNullName" time="0.03"/>
  <testcase classname="cz.muni.pv168.dragonrental.backend.DragonManagerImplTest" name="testFindDragonsWithSqlException" time="0.014"/>
  <testcase classname="cz.muni.pv168.dragonrental.backend.DragonManagerImplTest" name="testCreateDragonWithSqlException" time="0.016"/>
  <testcase classname="cz.muni.pv168.dragonrental.backend.DragonManagerImplTest" name="testUpdateDragonWithZeroMaxSpeed" time="0.028"/>
  <testcase classname="cz.muni.pv168.dragonrental.backend.DragonManagerImplTest" name="testFindDragonsNullDragon" time="0.018"/>
  <testcase classname="cz.muni.pv168.dragonrental.backend.DragonManagerImplTest" name="testFindDragons" time="0.033"/>
  <testcase classname="cz.muni.pv168.dragonrental.backend.DragonManagerImplTest" name="testCreateDragon" time="0.025"/>
</testsuite>